\BOOKMARK [1][-]{section.1}{\376\377\000I\000n\000t\000r\000o\000d\000u\000c\000t\000i\000o\000n}{}% 1
\BOOKMARK [2][-]{subsection.1.1}{\376\377\000R\000e\000s\000e\000a\000r\000c\000h\000\040\000o\000b\000j\000e\000c\000t\000i\000v\000e}{section.1}% 2
\BOOKMARK [2][-]{subsection.1.2}{\376\377\000C\000o\000n\000t\000r\000i\000b\000u\000t\000i\000o\000n\000s}{section.1}% 3
\BOOKMARK [2][-]{subsection.1.3}{\376\377\000N\000o\000n\000-\000g\000o\000a\000l\000s}{section.1}% 4
\BOOKMARK [2][-]{subsection.1.4}{\376\377\000R\000e\000l\000a\000t\000i\000o\000n\000s\000h\000i\000p\000\040\000t\000o\000\040\000p\000o\000s\000t\000-\000q\000u\000a\000n\000t\000u\000m\000\040\000s\000t\000a\000n\000d\000a\000r\000d\000i\000z\000a\000t\000i\000o\000n}{section.1}% 5
\BOOKMARK [1][-]{section.2}{\376\377\000P\000r\000e\000l\000i\000m\000i\000n\000a\000r\000i\000e\000s}{}% 6
\BOOKMARK [2][-]{subsection.2.1}{\376\377\000N\000o\000t\000a\000t\000i\000o\000n}{section.2}% 7
\BOOKMARK [2][-]{subsection.2.2}{\376\377\000q\000-\000a\000r\000y\000\040\000s\000y\000m\000m\000e\000t\000r\000i\000c\000\040\000n\000o\000i\000s\000e}{section.2}% 8
\BOOKMARK [2][-]{subsection.2.3}{\376\377\000S\000p\000a\000r\000s\000e\000\040\000q\000-\000a\000r\000y\000\040\000L\000P\000N}{section.2}% 9
\BOOKMARK [2][-]{subsection.2.4}{\376\377\000D\000e\000n\000s\000e\000\040\000q\000-\000a\000r\000y\000\040\000L\000P\000N\000/\000c\000o\000d\000e\000\040\000e\000n\000c\000r\000y\000p\000t\000i\000o\000n}{section.2}% 10
\BOOKMARK [2][-]{subsection.2.5}{\376\377\000S\000e\000c\000u\000r\000i\000t\000y\000\040\000t\000a\000r\000g\000e\000t}{section.2}% 11
\BOOKMARK [1][-]{section.3}{\376\377\000D\000e\000s\000i\000g\000n\000\040\000o\000v\000e\000r\000v\000i\000e\000w}{}% 12
\BOOKMARK [2][-]{subsection.3.1}{\376\377\000T\000h\000r\000e\000e\000\040\000c\000i\000p\000h\000e\000r\000t\000e\000x\000t\000\040\000f\000o\000r\000m\000s}{section.3}% 13
\BOOKMARK [2][-]{subsection.3.2}{\376\377\000W\000h\000y\000\040\000t\000h\000e\000\040\000c\000o\000n\000s\000t\000r\000u\000c\000t\000i\000o\000n\000\040\000i\000s\000\040\000c\000o\000d\000e\000-\000b\000a\000s\000e\000d}{section.3}% 14
\BOOKMARK [2][-]{subsection.3.3}{\376\377\000M\000a\000i\000n\000\040\000t\000e\000c\000h\000n\000i\000c\000a\000l\000\040\000i\000n\000v\000a\000r\000i\000a\000n\000t}{section.3}% 15
\BOOKMARK [1][-]{section.4}{\376\377\000C\000o\000r\000e\000\040\000p\000r\000i\000m\000i\000t\000i\000v\000e\000s}{}% 16
\BOOKMARK [2][-]{subsection.4.1}{\376\377\000S\000p\000a\000r\000s\000e\000-\000L\000P\000N\000\040\000z\000e\000r\000o\000\040\000e\000n\000c\000r\000y\000p\000t\000i\000o\000n}{section.4}% 17
\BOOKMARK [2][-]{subsection.4.2}{\376\377\000C\000o\000m\000p\000a\000c\000t\000\040\000i\000n\000p\000u\000t\000\040\000e\000n\000c\000r\000y\000p\000t\000i\000o\000n}{section.4}% 18
\BOOKMARK [2][-]{subsection.4.3}{\376\377\000S\000p\000a\000r\000s\000e\000-\000L\000P\000N\000\040\000G\000S\000W\000-\000s\000t\000y\000l\000e\000\040\000z\000e\000r\000o\000\040\000m\000a\000t\000r\000i\000x}{section.4}% 19
\BOOKMARK [2][-]{subsection.4.4}{\376\377\000G\000S\000W\000-\000s\000t\000y\000l\000e\000\040\000s\000c\000a\000l\000a\000r\000\040\000e\000n\000c\000r\000y\000p\000t\000i\000o\000n}{section.4}% 20
\BOOKMARK [2][-]{subsection.4.5}{\376\377\000E\000x\000p\000a\000n\000s\000i\000o\000n\000\040\000f\000r\000o\000m\000\040\000c\000o\000m\000p\000a\000c\000t\000\040\000i\000n\000p\000u\000t\000\040\000t\000o\000\040\000G\000S\000W\000\040\000f\000o\000r\000m}{section.4}% 21
\BOOKMARK [2][-]{subsection.4.6}{\376\377\000C\000o\000d\000e\000-\000L\000P\000N\000\040\000l\000i\000n\000e\000a\000r\000l\000y\000\040\000h\000o\000m\000o\000m\000o\000r\000p\000h\000i\000c\000\040\000e\000n\000c\000r\000y\000p\000t\000i\000o\000n}{section.4}% 22
\BOOKMARK [1][-]{section.5}{\376\377\000F\000u\000l\000l\000\040\000c\000o\000n\000s\000t\000r\000u\000c\000t\000i\000o\000n}{}% 23
\BOOKMARK [2][-]{subsection.5.1}{\376\377\000P\000a\000r\000a\000m\000e\000t\000e\000r\000s}{section.5}% 24
\BOOKMARK [2][-]{subsection.5.2}{\376\377\000K\000e\000y\000G\000e\000n}{section.5}% 25
\BOOKMARK [2][-]{subsection.5.3}{\376\377\000E\000n\000c}{section.5}% 26
\BOOKMARK [2][-]{subsection.5.4}{\376\377\000E\000x\000p\000a\000n\000d}{section.5}% 27
\BOOKMARK [2][-]{subsection.5.5}{\376\377\000H\000o\000m\000o\000m\000o\000r\000p\000h\000i\000c\000\040\000e\000v\000a\000l\000u\000a\000t\000i\000o\000n}{section.5}% 28
\BOOKMARK [2][-]{subsection.5.6}{\376\377\000C\000o\000m\000p\000a\000c\000t}{section.5}% 29
\BOOKMARK [2][-]{subsection.5.7}{\376\377\000D\000e\000c}{section.5}% 30
\BOOKMARK [2][-]{subsection.5.8}{\376\377\000C\000o\000r\000r\000e\000c\000t\000n\000e\000s\000s\000\040\000i\000n\000t\000u\000i\000t\000i\000o\000n}{section.5}% 31
\BOOKMARK [1][-]{section.6}{\376\377\000C\000o\000r\000r\000e\000c\000t\000n\000e\000s\000s\000\040\000a\000n\000a\000l\000y\000s\000i\000s}{}% 32
\BOOKMARK [2][-]{subsection.6.1}{\376\377\000G\000o\000o\000d\000\040\000e\000v\000a\000l\000u\000a\000t\000i\000o\000n\000\040\000c\000i\000p\000h\000e\000r\000t\000e\000x\000t\000s}{section.6}% 33
\BOOKMARK [2][-]{subsection.6.2}{\376\377\000F\000r\000e\000s\000h\000\040\000e\000x\000p\000a\000n\000s\000i\000o\000n\000\040\000q\000u\000a\000l\000i\000t\000y}{section.6}% 34
\BOOKMARK [2][-]{subsection.6.3}{\376\377\000A\000d\000d\000i\000t\000i\000o\000n\000\040\000a\000n\000d\000\040\000m\000u\000l\000t\000i\000p\000l\000i\000c\000a\000t\000i\000o\000n\000\040\000i\000n\000v\000a\000r\000i\000a\000n\000t\000s}{section.6}% 35
\BOOKMARK [2][-]{subsection.6.4}{\376\377\000D\000e\000p\000t\000h\000\040\000b\000o\000u\000n\000d}{section.6}% 36
\BOOKMARK [2][-]{subsection.6.5}{\376\377\000C\000o\000m\000p\000a\000c\000t\000i\000o\000n\000\040\000c\000o\000r\000r\000e\000c\000t\000n\000e\000s\000s}{section.6}% 37
\BOOKMARK [1][-]{section.7}{\376\377\000S\000e\000c\000u\000r\000i\000t\000y\000\040\000a\000n\000a\000l\000y\000s\000i\000s}{}% 38
\BOOKMARK [2][-]{subsection.7.1}{\376\377\000P\000s\000e\000u\000d\000o\000r\000a\000n\000d\000o\000m\000n\000e\000s\000s\000\040\000o\000f\000\040\000z\000e\000r\000o\000\040\000e\000n\000c\000r\000y\000p\000t\000i\000o\000n\000s}{section.7}% 39
\BOOKMARK [2][-]{subsection.7.2}{\376\377\000I\000N\000D\000-\000C\000P\000A\000\040\000t\000h\000e\000o\000r\000e\000m}{section.7}% 40
\BOOKMARK [2][-]{subsection.7.3}{\376\377\000W\000h\000a\000t\000\040\000t\000h\000e\000\040\000p\000r\000o\000o\000f\000\040\000d\000o\000e\000s\000\040\000a\000n\000d\000\040\000d\000o\000e\000s\000\040\000n\000o\000t\000\040\000c\000o\000v\000e\000r}{section.7}% 41
\BOOKMARK [2][-]{subsection.7.4}{\376\377\000R\000e\000l\000e\000v\000a\000n\000t\000\040\000a\000t\000t\000a\000c\000k\000\040\000f\000a\000m\000i\000l\000i\000e\000s}{section.7}% 42
\BOOKMARK [1][-]{section.8}{\376\377\000E\000f\000f\000i\000c\000i\000e\000n\000c\000y\000\040\000a\000n\000d\000\040\000p\000a\000r\000a\000m\000e\000t\000e\000r\000\040\000c\000o\000n\000s\000t\000r\000a\000i\000n\000t\000s}{}% 43
\BOOKMARK [2][-]{subsection.8.1}{\376\377\000C\000i\000p\000h\000e\000r\000t\000e\000x\000t\000\040\000a\000n\000d\000\040\000k\000e\000y\000\040\000s\000i\000z\000e\000s}{section.8}% 44
\BOOKMARK [2][-]{subsection.8.2}{\376\377\000E\000v\000a\000l\000u\000a\000t\000i\000o\000n\000\040\000c\000o\000s\000t\000s}{section.8}% 45
\BOOKMARK [2][-]{subsection.8.3}{\376\377\000C\000o\000r\000r\000e\000c\000t\000n\000e\000s\000s\000\040\000b\000u\000d\000g\000e\000t}{section.8}% 46
\BOOKMARK [2][-]{subsection.8.4}{\376\377\000I\000l\000l\000u\000s\000t\000r\000a\000t\000i\000v\000e\000\040\000n\000o\000n\000-\000s\000e\000c\000u\000r\000e\000\040\000t\000o\000y\000\040\000p\000a\000r\000a\000m\000e\000t\000e\000r\000s}{section.8}% 47
\BOOKMARK [2][-]{subsection.8.5}{\376\377\000P\000a\000r\000a\000m\000e\000t\000e\000r\000-\000s\000e\000l\000e\000c\000t\000i\000o\000n\000\040\000r\000e\000c\000i\000p\000e}{section.8}% 48
\BOOKMARK [2][-]{subsection.8.6}{\376\377\000B\000e\000n\000c\000h\000m\000a\000r\000k\000\040\000b\000a\000s\000e\000l\000i\000n\000e\000s}{section.8}% 49
\BOOKMARK [1][-]{section.9}{\376\377\000V\000a\000l\000i\000d\000a\000t\000i\000o\000n\000\040\000p\000l\000a\000n}{}% 50
\BOOKMARK [2][-]{subsection.9.1}{\376\377\000F\000o\000r\000m\000a\000l\000\040\000p\000r\000o\000o\000f\000\040\000t\000r\000a\000c\000k}{section.9}% 51
\BOOKMARK [2][-]{subsection.9.2}{\376\377\000P\000a\000r\000a\000m\000e\000t\000e\000r\000-\000e\000s\000t\000i\000m\000a\000t\000i\000o\000n\000\040\000t\000r\000a\000c\000k}{section.9}% 52
\BOOKMARK [2][-]{subsection.9.3}{\376\377\000P\000r\000o\000t\000o\000t\000y\000p\000e\000\040\000t\000r\000a\000c\000k}{section.9}% 53
\BOOKMARK [2][-]{subsection.9.4}{\376\377\000B\000e\000n\000c\000h\000m\000a\000r\000k\000\040\000t\000r\000a\000c\000k}{section.9}% 54
\BOOKMARK [2][-]{subsection.9.5}{\376\377\000S\000u\000c\000c\000e\000s\000s\000\040\000c\000r\000i\000t\000e\000r\000i\000a\000\040\000f\000o\000r\000\040\000a\000\040\000p\000u\000b\000l\000i\000s\000h\000a\000b\000l\000e\000\040\000p\000a\000p\000e\000r}{section.9}% 55
\BOOKMARK [1][-]{section.10}{\376\377\000L\000i\000m\000i\000t\000a\000t\000i\000o\000n\000s\000\040\000a\000n\000d\000\040\000f\000u\000t\000u\000r\000e\000\040\000w\000o\000r\000k}{}% 56
\BOOKMARK [2][-]{subsection.10.1}{\376\377\000L\000i\000m\000i\000t\000a\000t\000i\000o\000n\000s}{section.10}% 57
\BOOKMARK [2][-]{subsection.10.2}{\376\377\000F\000u\000t\000u\000r\000e\000\040\000w\000o\000r\000k}{section.10}% 58
\BOOKMARK [2][-]{subsection.10.3}{\376\377\000R\000e\000c\000o\000m\000m\000e\000n\000d\000e\000d\000\040\000c\000l\000a\000i\000m\000\040\000l\000a\000n\000g\000u\000a\000g\000e}{section.10}% 59
\BOOKMARK [2][-]{subsection.10.4}{\376\377\000C\0007\000\040\000m\000i\000l\000e\000s\000t\000o\000n\000e\000\040\000s\000t\000a\000t\000u\000s}{section.10}% 60
\BOOKMARK [1][-]{appendix.A}{\376\377\000I\000m\000p\000l\000e\000m\000e\000n\000t\000a\000t\000i\000o\000n\000-\000o\000r\000i\000e\000n\000t\000e\000d\000\040\000p\000s\000e\000u\000d\000o\000c\000o\000d\000e}{}% 61
\BOOKMARK [2][-]{subsection.A.1}{\376\377\000N\000o\000i\000s\000e\000\040\000a\000n\000d\000\040\000s\000p\000a\000r\000s\000e\000\040\000s\000a\000m\000p\000l\000i\000n\000g}{appendix.A}% 62
\BOOKMARK [2][-]{subsection.A.2}{\376\377\000C\000o\000m\000p\000a\000c\000t\000\040\000e\000n\000c\000r\000y\000p\000t\000i\000o\000n}{appendix.A}% 63
\BOOKMARK [2][-]{subsection.A.3}{\376\377\000G\000S\000W\000-\000s\000t\000y\000l\000e\000\040\000s\000c\000a\000l\000a\000r\000\040\000e\000n\000c\000r\000y\000p\000t\000i\000o\000n}{appendix.A}% 64
\BOOKMARK [2][-]{subsection.A.4}{\376\377\000C\000o\000d\000e\000-\000L\000P\000N\000\040\000e\000n\000c\000r\000y\000p\000t\000i\000o\000n}{appendix.A}% 65
\BOOKMARK [2][-]{subsection.A.5}{\376\377\000K\000e\000y\000\040\000g\000e\000n\000e\000r\000a\000t\000i\000o\000n\000\040\000a\000n\000d\000\040\000e\000v\000a\000l\000u\000a\000t\000i\000o\000n}{appendix.A}% 66
\BOOKMARK [1][-]{appendix.B}{\376\377\000P\000r\000o\000o\000f\000\040\000o\000f\000\040\000t\000h\000e\000\040\000q\000-\000a\000r\000y\000\040\000p\000i\000l\000i\000n\000g\000-\000u\000p\000\040\000f\000o\000r\000m\000u\000l\000a}{}% 67
\BOOKMARK [1][-]{appendix.C}{\376\377\000R\000e\000v\000i\000e\000w\000e\000r\000\040\000a\000n\000d\000\040\000c\000r\000y\000p\000t\000a\000n\000a\000l\000y\000s\000i\000s\000\040\000c\000h\000e\000c\000k\000l\000i\000s\000t}{}% 68
\BOOKMARK [2][-]{subsection.C.1}{\376\377\000A\000s\000s\000u\000m\000p\000t\000i\000o\000n\000s}{appendix.C}% 69
\BOOKMARK [2][-]{subsection.C.2}{\376\377\000C\000o\000r\000r\000e\000c\000t\000n\000e\000s\000s}{appendix.C}% 70
\BOOKMARK [2][-]{subsection.C.3}{\376\377\000S\000e\000c\000u\000r\000i\000t\000y\000\040\000p\000r\000o\000o\000f}{appendix.C}% 71
\BOOKMARK [2][-]{subsection.C.4}{\376\377\000I\000m\000p\000l\000e\000m\000e\000n\000t\000a\000t\000i\000o\000n}{appendix.C}% 72
\BOOKMARK [1][-]{appendix.D}{\376\377\000A\000t\000t\000a\000c\000k\000-\000S\000c\000r\000e\000e\000n\000i\000n\000g\000\040\000A\000d\000d\000e\000n\000d\000u\000m}{}% 73
\BOOKMARK [2][-]{subsection.D.1}{\376\377\000S\000c\000r\000e\000e\000n\000e\000d\000\040\000a\000t\000t\000a\000c\000k\000\040\000s\000u\000r\000f\000a\000c\000e\000s}{appendix.D}% 74
\BOOKMARK [2][-]{subsection.D.2}{\376\377\000E\000a\000r\000l\000y\000\040\000f\000i\000n\000d\000i\000n\000g\000:\000\040\000c\000o\000r\000r\000e\000c\000t\000n\000e\000s\000s\000/\000s\000e\000c\000u\000r\000i\000t\000y\000\040\000t\000e\000n\000s\000i\000o\000n}{appendix.D}% 75
\BOOKMARK [2][-]{subsection.D.3}{\376\377\000D\000e\000s\000i\000g\000n\000\040\000c\000o\000n\000s\000e\000q\000u\000e\000n\000c\000e}{appendix.D}% 76
\BOOKMARK [1][-]{appendix.E}{\376\377\000C\0002\000\040\000B\000l\000o\000c\000k\000-\000D\000i\000c\000t\000i\000o\000n\000a\000r\000y\000\040\000C\000o\000m\000p\000a\000c\000t\000i\000o\000n}{}% 77
\BOOKMARK [1][-]{appendix.F}{\376\377\000C\0003\000\040\000S\000e\000e\000d\000e\000d\000\040\000B\000l\000o\000c\000k\000-\000D\000i\000c\000t\000i\000o\000n\000a\000r\000y\000\040\000S\000t\000o\000r\000a\000g\000e}{}% 78
\BOOKMARK [1][-]{appendix.G}{\376\377\000C\0002\000/\000C\0003\000\040\000P\000u\000b\000l\000i\000c\000-\000S\000a\000m\000p\000l\000e\000\040\000S\000u\000r\000f\000a\000c\000e\000\040\000S\000c\000r\000e\000e\000n}{}% 79
\BOOKMARK [1][-]{appendix.H}{\376\377\000C\0004\000\040\000P\000r\000o\000j\000e\000c\000t\000i\000v\000e\000\040\000S\000p\000a\000r\000s\000e\000\040\000A\000d\000d\000i\000t\000i\000v\000e\000-\000B\000a\000s\000i\000s\000\040\000C\000o\000m\000p\000a\000c\000t\000i\000o\000n}{}% 80
\BOOKMARK [2][-]{subsection.H.1}{\376\377\000P\000r\000o\000j\000e\000c\000t\000i\000v\000e\000\040\000d\000i\000c\000t\000i\000o\000n\000a\000r\000y\000\040\000i\000d\000e\000a}{appendix.H}% 81
\BOOKMARK [2][-]{subsection.H.2}{\376\377\000C\0004\000\040\000c\000o\000r\000r\000e\000c\000t\000n\000e\000s\000s\000\040\000t\000h\000e\000o\000r\000e\000m}{appendix.H}% 82
\BOOKMARK [2][-]{subsection.H.3}{\376\377\000P\000u\000b\000l\000i\000c\000-\000s\000u\000r\000f\000a\000c\000e\000\040\000c\000o\000m\000p\000a\000r\000i\000s\000o\000n}{appendix.H}% 83
\BOOKMARK [2][-]{subsection.H.4}{\376\377\000V\000a\000l\000i\000d\000a\000t\000i\000o\000n\000\040\000s\000t\000a\000t\000u\000s}{appendix.H}% 84
\BOOKMARK [1][-]{appendix.I}{\376\377\000C\0005\000\040\000A\000r\000i\000t\000h\000m\000e\000t\000i\000c\000\040\000O\000p\000e\000r\000a\000t\000i\000o\000n\000\040\000S\000u\000i\000t\000e\000\040\000a\000n\000d\000\040\000E\000x\000t\000e\000r\000n\000a\000l\000\040\000B\000a\000s\000e\000l\000i\000n\000e\000\040\000P\000l\000a\000n}{}% 85
\BOOKMARK [1][-]{appendix.J}{\376\377\000C\0005\000\040\000B\000a\000s\000e\000l\000i\000n\000e\000\040\000a\000n\000d\000\040\000P\000u\000b\000l\000i\000c\000-\000S\000u\000r\000f\000a\000c\000e\000\040\000D\000i\000a\000g\000n\000o\000s\000t\000i\000c\000s}{}% 86
\BOOKMARK [1][-]{appendix.K}{\376\377\000C\0006\000\040\000P\000r\000o\000j\000e\000c\000t\000i\000v\000e\000-\000R\000e\000l\000a\000t\000i\000o\000n\000\040\000S\000u\000r\000f\000a\000c\000e\000\040\000E\000s\000t\000i\000m\000a\000t\000o\000r}{}% 87
\BOOKMARK [1][-]{appendix.L}{\376\377\000C\0007\000\040\000R\000e\000l\000a\000t\000i\000o\000n\000-\000R\000e\000s\000i\000s\000t\000a\000n\000t\000\040\000C\000o\000m\000p\000a\000c\000t\000i\000o\000n\000\040\000a\000n\000d\000\040\000F\000i\000n\000a\000l\000\040\000V\000a\000l\000i\000d\000a\000t\000i\000o\000n\000\040\000S\000t\000a\000t\000u\000s}{}% 88
\BOOKMARK [2][-]{subsection.L.1}{\376\377\000C\0007\000\040\000c\000o\000o\000r\000d\000i\000n\000a\000t\000e\000\040\000c\000o\000m\000p\000a\000c\000t\000o\000r}{appendix.L}% 89
\BOOKMARK [2][-]{subsection.L.2}{\376\377\000E\000x\000p\000e\000r\000i\000m\000e\000n\000t\000a\000l\000\040\000s\000c\000r\000e\000e\000n\000e\000d\000-\000r\000a\000n\000d\000o\000m\000\040\000m\000o\000d\000e}{appendix.L}% 90
\BOOKMARK [2][-]{subsection.L.3}{\376\377\000C\000o\000r\000r\000e\000c\000t\000n\000e\000s\000s\000\040\000t\000h\000e\000o\000r\000e\000m}{appendix.L}% 91
\BOOKMARK [2][-]{subsection.L.4}{\376\377\000V\000a\000l\000i\000d\000a\000t\000i\000o\000n\000\040\000r\000e\000s\000u\000l\000t\000s\000\040\000i\000n\000\040\000t\000h\000e\000\040\000r\000e\000p\000o\000s\000i\000t\000o\000r\000y}{appendix.L}% 92
\BOOKMARK [2][-]{subsection.L.5}{\376\377\000F\000i\000n\000a\000l\000\040\000p\000r\000o\000j\000e\000c\000t\000\040\000s\000t\000a\000t\000u\000s}{appendix.L}% 93
