This is pdfTeX, Version 3.141592653-2.6-1.40.26 (TeX Live 2025/dev/Debian) (preloaded format=pdflatex)
 restricted \write18 enabled.
entering extended mode
(./main.tex
LaTeX2e <2024-11-01> patch level 2
L3 programming layer <2025-01-18>
(/usr/share/texlive/texmf-dist/tex/latex/base/article.cls
Document Class: article 2024/06/29 v1.4n Standard LaTeX document class
(/usr/share/texlive/texmf-dist/tex/latex/base/size11.clo)) (./macros.tex
(/usr/share/texlive/texmf-dist/tex/latex/base/fontenc.sty)
(/usr/share/texlive/texmf-dist/tex/latex/base/inputenc.sty)
(/usr/share/texmf/tex/latex/lm/lmodern.sty)
(/usr/share/texlive/texmf-dist/tex/latex/microtype/microtype.sty
(/usr/share/texlive/texmf-dist/tex/latex/graphics/keyval.sty)
(/usr/share/texlive/texmf-dist/tex/latex/etoolbox/etoolbox.sty)
(/usr/share/texlive/texmf-dist/tex/latex/microtype/microtype-pdftex.def)
(/usr/share/texlive/texmf-dist/tex/latex/microtype/microtype.cfg))
(/usr/share/texlive/texmf-dist/tex/latex/geometry/geometry.sty
(/usr/share/texlive/texmf-dist/tex/generic/iftex/ifvtex.sty
(/usr/share/texlive/texmf-dist/tex/generic/iftex/iftex.sty)))
(/usr/share/texlive/texmf-dist/tex/latex/amsmath/amsmath.sty
For additional information on amsmath, use the `?' option.
(/usr/share/texlive/texmf-dist/tex/latex/amsmath/amstext.sty
(/usr/share/texlive/texmf-dist/tex/latex/amsmath/amsgen.sty))
(/usr/share/texlive/texmf-dist/tex/latex/amsmath/amsbsy.sty)
(/usr/share/texlive/texmf-dist/tex/latex/amsmath/amsopn.sty))
(/usr/share/texlive/texmf-dist/tex/latex/amsfonts/amssymb.sty
(/usr/share/texlive/texmf-dist/tex/latex/amsfonts/amsfonts.sty))
(/usr/share/texlive/texmf-dist/tex/latex/amscls/amsthm.sty)
(/usr/share/texlive/texmf-dist/tex/latex/mathtools/mathtools.sty
(/usr/share/texlive/texmf-dist/tex/latex/tools/calc.sty)
(/usr/share/texlive/texmf-dist/tex/latex/mathtools/mhsetup.sty))
(/usr/share/texlive/texmf-dist/tex/latex/booktabs/booktabs.sty)
(/usr/share/texlive/texmf-dist/tex/latex/tools/array.sty)
(/usr/share/texlive/texmf-dist/tex/latex/tools/longtable.sty)
(/usr/share/texlive/texmf-dist/tex/latex/enumitem/enumitem.sty)
(/usr/share/texlive/texmf-dist/tex/latex/xcolor/xcolor.sty
(/usr/share/texlive/texmf-dist/tex/latex/graphics-cfg/color.cfg)
(/usr/share/texlive/texmf-dist/tex/latex/graphics-def/pdftex.def)
(/usr/share/texlive/texmf-dist/tex/latex/graphics/mathcolor.ltx))
(/usr/share/texlive/texmf-dist/tex/latex/url/url.sty)
(/usr/share/texlive/texmf-dist/tex/latex/hyperref/hyperref.sty
(/usr/share/texlive/texmf-dist/tex/latex/kvsetkeys/kvsetkeys.sty)
(/usr/share/texlive/texmf-dist/tex/generic/kvdefinekeys/kvdefinekeys.sty)
(/usr/share/texlive/texmf-dist/tex/generic/pdfescape/pdfescape.sty
(/usr/share/texlive/texmf-dist/tex/generic/ltxcmds/ltxcmds.sty)
(/usr/share/texlive/texmf-dist/tex/generic/pdftexcmds/pdftexcmds.sty
(/usr/share/texlive/texmf-dist/tex/generic/infwarerr/infwarerr.sty)))
(/usr/share/texlive/texmf-dist/tex/latex/hycolor/hycolor.sty)
(/usr/share/texlive/texmf-dist/tex/latex/hyperref/nameref.sty
(/usr/share/texlive/texmf-dist/tex/latex/refcount/refcount.sty)
(/usr/share/texlive/texmf-dist/tex/generic/gettitlestring/gettitlestring.sty
(/usr/share/texlive/texmf-dist/tex/latex/kvoptions/kvoptions.sty)))
(/usr/share/texlive/texmf-dist/tex/generic/stringenc/stringenc.sty)
(/usr/share/texlive/texmf-dist/tex/latex/hyperref/pd1enc.def)
(/usr/share/texlive/texmf-dist/tex/generic/intcalc/intcalc.sty)
(/usr/share/texlive/texmf-dist/tex/latex/hyperref/puenc.def)
(/usr/share/texlive/texmf-dist/tex/generic/bitset/bitset.sty
(/usr/share/texlive/texmf-dist/tex/generic/bigintcalc/bigintcalc.sty))
(/usr/share/texlive/texmf-dist/tex/latex/base/atbegshi-ltx.sty))
(/usr/share/texlive/texmf-dist/tex/latex/hyperref/hpdftex.def
(/usr/share/texlive/texmf-dist/tex/latex/base/atveryend-ltx.sty)
(/usr/share/texlive/texmf-dist/tex/latex/rerunfilecheck/rerunfilecheck.sty
(/usr/share/texlive/texmf-dist/tex/generic/uniquecounter/uniquecounter.sty))))
(/usr/share/texmf/tex/latex/lm/t1lmr.fd)
(/usr/share/texlive/texmf-dist/tex/latex/l3backend/l3backend-pdftex.def)
No file main.aux.
(/usr/share/texlive/texmf-dist/tex/latex/microtype/mt-cmr.cfg)
*geometry* driver: auto-detecting
*geometry* detected driver: pdftex
(/usr/share/texlive/texmf-dist/tex/latex/graphics/graphicx.sty
(/usr/share/texlive/texmf-dist/tex/latex/graphics/graphics.sty
(/usr/share/texlive/texmf-dist/tex/latex/graphics/trig.sty)
(/usr/share/texlive/texmf-dist/tex/latex/graphics-cfg/graphics.cfg)))
(/usr/share/texlive/texmf-dist/tex/context/base/mkii/supp-pdf.mkii
[Loading MPS to PDF converter (version 2006.09.02).]
) (/usr/share/texlive/texmf-dist/tex/latex/epstopdf-pkg/epstopdf-base.sty
(/usr/share/texlive/texmf-dist/tex/latex/latexconfig/epstopdf-sys.cfg))
(/usr/share/texmf/tex/latex/lm/ot1lmr.fd)
(/usr/share/texmf/tex/latex/lm/omllmm.fd)
(/usr/share/texmf/tex/latex/lm/omslmsy.fd)
(/usr/share/texmf/tex/latex/lm/omxlmex.fd)
(/usr/share/texlive/texmf-dist/tex/latex/amsfonts/umsa.fd)
(/usr/share/texlive/texmf-dist/tex/latex/microtype/mt-msa.cfg)
(/usr/share/texlive/texmf-dist/tex/latex/amsfonts/umsb.fd)
(/usr/share/texlive/texmf-dist/tex/latex/microtype/mt-msb.cfg)
No file main.toc.
(./sections/01_introduction.tex

LaTeX Warning: Citation `Gentry2009' on page 1 undefined on input line 3.


LaTeX Warning: Citation `BGV2014' on page 1 undefined on input line 3.


LaTeX Warning: Citation `GSW2013' on page 1 undefined on input line 3.


LaTeX Warning: Citation `FanVercauteren2012' on page 1 undefined on input line 
3.


LaTeX Warning: Citation `CKKS2017' on page 1 undefined on input line 3.


LaTeX Warning: Citation `DucasMicciancio2015' on page 1 undefined on input line
 3.


LaTeX Warning: Citation `CGGI2020' on page 1 undefined on input line 3.


LaTeX Warning: Citation `CorriganGibbsHenzingerKalaiVaikuntanathan2024' on page
 1 undefined on input line 5.


LaTeX Warning: Citation `BitzerEggerLiuWachterZeh2026' on page 1 undefined on i
nput line 5.


LaTeX Warning: Citation `BhoiArakalaCormanRao2025' on page 1 undefined on input
 line 5.


LaTeX Warning: Citation `AguilarMelchorDyserynGaborit2025' on page 1 undefined 
on input line 5.


[1{/var/lib/texmf/fonts/map/pdftex/updmap/pdftex.map}{/usr/share/texmf/fonts/en
c/dvips/lm/lm-ec.enc}]
Overfull \hbox (128.44873pt too wide) detected at line 16
[]

Overfull \hbox (110.32521pt too wide) detected at line 30
\OMS/lmsy/m/n/10.95 F[] \OT1/lmr/m/n/10.95 = [] \OML/lmm/m/it/10.95 :
(/usr/share/texmf/tex/latex/lm/ot1lmss.fd)

LaTeX Warning: Citation `GSW2013' on page 2 undefined on input line 50.


LaTeX Warning: Citation `CorriganGibbsHenzingerKalaiVaikuntanathan2024' on page
 2 undefined on input line 50.

(/usr/share/texmf/tex/latex/lm/ts1lmr.fd)

LaTeX Warning: Citation `NISTFIPS203' on page 2 undefined on input line 66.


LaTeX Warning: Citation `NISTFIPS204' on page 2 undefined on input line 66.


LaTeX Warning: Citation `AlbrechtEtAl2024HEGuidelines' on page 2 undefined on i
nput line 66.


LaTeX Warning: Citation `HEStandard2018' on page 2 undefined on input line 66.

) (./sections/02_preliminaries.tex
[2{/usr/share/texmf/fonts/enc/dvips/lm/lm-rm.enc}{/usr/share/texmf/fonts/enc/dv
ips/lm/lm-mathit.enc}{/usr/share/texmf/fonts/enc/dvips/lm/lm-mathsy.enc}{/usr/s
hare/texmf/fonts/enc/dvips/lm/lm-mathex.enc}{/usr/share/texmf/fonts/enc/dvips/l
m/lm-ts1.enc}]

LaTeX Warning: Reference `app:piling-up' on page 3 undefined on input line 38.


[3]

LaTeX Warning: Citation `BlumKalaiWasserman2003' on page 4 undefined on input l
ine 61.


LaTeX Warning: Citation `Alekhnovich2003' on page 4 undefined on input line 61.



LaTeX Warning: Citation `BerlekampMcEliecevanTilborg1978' on page 4 undefined o
n input line 61.


LaTeX Warning: Citation `CorriganGibbsHenzingerKalaiVaikuntanathan2024' on page
 4 undefined on input line 61.

) (./sections/03_design_overview.tex
[4]
[5]) (./sections/04_core_primitives.tex

LaTeX Warning: Reference `con:zero-vector' on page 6 undefined on input line 28
.


[6]

LaTeX Warning: Reference `con:gsw-zero' on page 7 undefined on input line 64.


LaTeX Warning: Citation `GSW2013' on page 7 undefined on input line 77.


LaTeX Warning: Citation `CorriganGibbsHenzingerKalaiVaikuntanathan2024' on page
 7 undefined on input line 77.


[7]) (./sections/05_full_construction.tex
[8]
[9]) (./sections/06_correctness.tex
[10]

LaTeX Warning: Reference `lem:expansion-identity' on page 11 undefined on input
 line 39.


[11]
[12]) (./sections/07_security.tex

LaTeX Warning: Reference `ass:sparse-lpn' on page 13 undefined on input line 7.



LaTeX Font Warning: Font shape `T1/lmr/m/scit' undefined
(Font)              using `T1/lmr/m/scsl' instead on input line 29.


LaTeX Warning: Reference `ass:clpn' on page 13 undefined on input line 47.


LaTeX Warning: Reference `ass:sparse-lpn' on page 13 undefined on input line 54
.


[13]

LaTeX Warning: Reference `ass:sparse-lpn' on page 14 undefined on input line 61
.


LaTeX Warning: Citation `BlumKalaiWasserman2003' on page 14 undefined on input 
line 83.


LaTeX Warning: Citation `Prange1962' on page 14 undefined on input line 84.


LaTeX Warning: Citation `Stern1989' on page 14 undefined on input line 84.

) (./sections/08_efficiency_parameters.tex
[14]
Overfull \hbox (2.21179pt too wide) in paragraph at lines 10--21
 [] 

[15]

LaTeX Warning: Citation `DucasMicciancio2015' on page 16 undefined on input lin
e 101.


LaTeX Warning: Citation `CGGI2020' on page 16 undefined on input line 101.


LaTeX Warning: Citation `FanVercauteren2012' on page 16 undefined on input line
 101.


LaTeX Warning: Citation `BGV2014' on page 16 undefined on input line 101.


LaTeX Warning: Citation `CKKS2017' on page 16 undefined on input line 101.

) (./sections/09_validation.tex
[16]
[17]) (./sections/10_limitations_future.tex
[18]

LaTeX Warning: Citation `BitzerEggerLiuWachterZeh2026' on page 19 undefined on 
input line 20.

) (./appendices/a_pseudocode.tex
[19]
[20]) (./appendices/b_piling_up.tex

LaTeX Warning: Reference `lem:qary-piling' on page 21 undefined on input line 4
.


[21]) (./appendices/c_reviewer_checklist.tex
[22]) (./appendices/d_attack_screening.tex
[23]

Package amsmath Warning: Foreign command \atopwithdelims;
(amsmath)                \frac or \genfrac should be used instead
(amsmath)                 on input line 33.


LaTeX Warning: Citation `Prange1962' on page 24 undefined on input line 35.


LaTeX Warning: Citation `Stern1989' on page 24 undefined on input line 35.


LaTeX Warning: Citation `BerlekampMcEliecevanTilborg1978' on page 24 undefined 
on input line 35.


LaTeX Warning: Citation `BlumKalaiWasserman2003' on page 24 undefined on input 
line 42.


LaTeX Warning: Citation `LevieilFouque2006' on page 24 undefined on input line 
42.


LaTeX Warning: Citation `BogosEtAl2015' on page 24 undefined on input line 42.

(/usr/share/texmf/tex/latex/lm/t1lmtt.fd)
[24]

LaTeX Warning: Citation `CorriganGibbsHenzingerKalaiVaikuntanathan2024' on page
 25 undefined on input line 75.

) (./appendices/e_c2_block_dictionary.tex

LaTeX Warning: Citation `BitzerEggerLiuWachterZeh2026' on page 25 undefined on 
input line 44.


[25]) (./appendices/f_c3_seeded_dictionary.tex

LaTeX Warning: Citation `BlumKalaiWasserman2003' on page 26 undefined on input 
line 50.


LaTeX Warning: Citation `LevieilFouque2006' on page 26 undefined on input line 
50.


LaTeX Warning: Citation `BogosEtAl2015' on page 26 undefined on input line 50.


LaTeX Warning: Citation `EsserEtAl2017LPNDecoded' on page 26 undefined on input
 line 50.


[26]) (./appendices/g_c2_public_surface.tex
[27]) (./appendices/h_c4_projective_basis.tex
[28]
[29]) (./appendices/i_c5_arithmetic_operations.tex
[30]

LaTeX Warning: Citation `OpenFHEDocs2026' on page 31 undefined on input line 39
.


LaTeX Warning: Citation `MicrosoftSEAL2026' on page 31 undefined on input line 
39.


LaTeX Warning: Citation `ZamaTFHERsDocs2026' on page 31 undefined on input line
 39.


LaTeX Warning: Citation `CGGI2020' on page 31 undefined on input line 39.


Overfull \hbox (12.5021pt too wide) in paragraph at lines 39--40
\T1/lmr/m/n/10.95 (-20) te-ger arith-metic, CKKS for ap-prox-i-mate real arith-
metic, and FHEW/TFHE-style Boolean/arbitrary-
) (./appendices/j_c5_baselines_surface.tex

LaTeX Warning: Citation `DucasMicciancio2015' on page 31 undefined on input lin
e 13.


LaTeX Warning: Citation `CGGI2020' on page 31 undefined on input line 13.


LaTeX Warning: Citation `FanVercauteren2012' on page 31 undefined on input line
 14.


LaTeX Warning: Citation `BGV2014' on page 31 undefined on input line 14.


LaTeX Warning: Citation `CKKS2017' on page 31 undefined on input line 17.


[31]) (./appendices/k_c6_relation_surface.tex
[32]

LaTeX Warning: Citation `BlumKalaiWasserman2003' on page 33 undefined on input 
line 91.


LaTeX Warning: Citation `BogosEtAl2015' on page 33 undefined on input line 91.


LaTeX Warning: Citation `Prange1962' on page 33 undefined on input line 91.


LaTeX Warning: Citation `Stern1989' on page 33 undefined on input line 91.


LaTeX Warning: Citation `MayMeurerThomae2011' on page 33 undefined on input lin
e 91.


LaTeX Warning: Citation `BeckerJouxMayMeurer2012' on page 33 undefined on input
 line 91.

) (./references_manual.tex
[33]
[34])
[35] (./main.aux)

LaTeX Warning: There were undefined references.


LaTeX Warning: Label(s) may have changed. Rerun to get cross-references right.


Package rerunfilecheck Warning: File `main.out' has changed.
(rerunfilecheck)                Rerun to get outlines right
(rerunfilecheck)                or use package `bookmark'.

 )
(see the transcript file for additional information)</usr/share/texmf/fonts/typ
e1/public/lm/lmbx10.pfb></usr/share/texmf/fonts/type1/public/lm/lmbx12.pfb></us
r/share/texmf/fonts/type1/public/lm/lmcsc10.pfb></usr/share/texmf/fonts/type1/p
ublic/lm/lmcsco10.pfb></usr/share/texmf/fonts/type1/public/lm/lmex10.pfb></usr/
share/texmf/fonts/type1/public/lm/lmmi10.pfb></usr/share/texmf/fonts/type1/publ
ic/lm/lmmi6.pfb></usr/share/texmf/fonts/type1/public/lm/lmmi8.pfb></usr/share/t
exmf/fonts/type1/public/lm/lmr10.pfb></usr/share/texmf/fonts/type1/public/lm/lm
r12.pfb></usr/share/texmf/fonts/type1/public/lm/lmr17.pfb></usr/share/texmf/fon
ts/type1/public/lm/lmr6.pfb></usr/share/texmf/fonts/type1/public/lm/lmr8.pfb></
usr/share/texmf/fonts/type1/public/lm/lmri10.pfb></usr/share/texmf/fonts/type1/
public/lm/lmss10.pfb></usr/share/texmf/fonts/type1/public/lm/lmss8.pfb></usr/sh
are/texmf/fonts/type1/public/lm/lmsy10.pfb></usr/share/texmf/fonts/type1/public
/lm/lmsy6.pfb></usr/share/texmf/fonts/type1/public/lm/lmsy8.pfb></usr/share/tex
mf/fonts/type1/public/lm/lmtt10.pfb></usr/share/texlive/texmf-dist/fonts/type1/
public/amsfonts/symbols/msbm10.pfb>
Output written on main.pdf (35 pages, 513087 bytes).
Transcript written on main.log.
